C:\Program Files (x86)\Microsoft Visual Studio\2019\Community\MSBuild\Microsoft\VC\v160\Microsoft.CppBuild.targets(491,5): warning MSB8028: 중간 디렉터리(Debug\)에 다른 프로젝트(Escape.vcxproj, Graphics.vcxproj)에서 공유하는 파일이 포함되어 있습니다.  이로 인해 잘못된 정리 및 다시 빌드 동작이 수행될 수 있습니다.
  Rendering.cpp
C:\work\Escape\Rendering.cpp(51,117): warning C4305: '초기화 중': 'double'에서 'GLfloat'(으)로 잘립니다.
C:\work\Escape\Rendering.cpp(99,22): warning C4305: '초기화 중': 'double'에서 'GLfloat'(으)로 잘립니다.
C:\work\Escape\Rendering.cpp(99,36): warning C4305: '초기화 중': 'double'에서 'GLfloat'(으)로 잘립니다.
C:\work\Escape\Rendering.cpp(99,50): warning C4305: '초기화 중': 'double'에서 'GLfloat'(으)로 잘립니다.
C:\work\Escape\Rendering.cpp(248,18): warning C4244: '=': 'int'에서 'T'(으)로 변환하면서 데이터가 손실될 수 있습니다.
          with
          [
              T=float
          ]
C:\work\Escape\Rendering.cpp(248,42): warning C4244: '=': 'int'에서 'T'(으)로 변환하면서 데이터가 손실될 수 있습니다.
          with
          [
              T=float
          ]
C:\work\Escape\Rendering.cpp(258,18): warning C4244: '=': 'int'에서 'T'(으)로 변환하면서 데이터가 손실될 수 있습니다.
          with
          [
              T=float
          ]
C:\work\Escape\Rendering.cpp(258,42): warning C4244: '=': 'int'에서 'T'(으)로 변환하면서 데이터가 손실될 수 있습니다.
          with
          [
              T=float
          ]
C:\work\Escape\Rendering.cpp(438,22): warning C4101: 'Au' :참조되지 않은 지역 변수입니다.
C:\work\Escape\Rendering.cpp(456,37): warning C4244: '=': 'double'에서 'float'(으)로 변환하면서 데이터가 손실될 수 있습니다.
C:\work\Escape\Rendering.cpp(456,79): warning C4244: '=': 'double'에서 'float'(으)로 변환하면서 데이터가 손실될 수 있습니다.
C:\work\Escape\Rendering.cpp(483,14): warning C4244: '초기화 중': 'double'에서 'float'(으)로 변환하면서 데이터가 손실될 수 있습니다.
C:\work\Escape\Rendering.cpp(483,52): warning C4244: '초기화 중': 'double'에서 'float'(으)로 변환하면서 데이터가 손실될 수 있습니다.
  Escape_.vcxproj -> C:\work\Escape\Debug\Escape_.exe
